#! /usr/bin/vvp
:ivl_version "11.0 (stable)";
:ivl_delay_selection "TYPICAL";
:vpi_time_precision - 12;
:vpi_module "/usr/lib/x86_64-linux-gnu/ivl/system.vpi";
:vpi_module "/usr/lib/x86_64-linux-gnu/ivl/vhdl_sys.vpi";
:vpi_module "/usr/lib/x86_64-linux-gnu/ivl/vhdl_textio.vpi";
:vpi_module "/usr/lib/x86_64-linux-gnu/ivl/v2005_math.vpi";
:vpi_module "/usr/lib/x86_64-linux-gnu/ivl/va_math.vpi";
S_0x5fcef699aaa0 .scope module, "tb_topModule" "tb_topModule" 2 3;
 .timescale -9 -12;
P_0x5fcef69e5330 .param/l "BAUD_RATE" 1 2 80, +C4<00000000000000011100001000000000>;
P_0x5fcef69e5370 .param/l "BIT_PERIOD" 1 2 81, +C4<00000000000000000010000111101000>;
L_0x5fcef6a1b510 .functor BUFZ 1, v0x5fcef6a4a380_0, C4<0>, C4<0>, C4<0>;
v0x5fcef6a4a1b0_0 .var "clk", 0 0;
v0x5fcef6a4a270_0 .var "receiveData", 0 0;
v0x5fcef6a4a380_0 .var "reset", 0 0;
v0x5fcef6a4a420_0 .net "reset1", 0 0, L_0x5fcef6a1b510;  1 drivers
v0x5fcef6a4a550_0 .net "transmitData", 0 0, v0x5fcef6a47af0_0;  1 drivers
S_0x5fcef6999760 .scope module, "DUT" "topModule" 2 37, 3 623 0, S_0x5fcef699aaa0;
 .timescale -9 -12;
    .port_info 0 /INPUT 1 "receiveData";
    .port_info 1 /INPUT 1 "clk";
    .port_info 2 /OUTPUT 1 "transmitData";
    .port_info 3 /OUTPUT 1 "reset";
v0x5fcef6a494f0_0 .net "byte_packed", 0 0, v0x5fcef6a0f9b0_0;  1 drivers
v0x5fcef6a495b0_0 .net "clk", 0 0, v0x5fcef6a4a1b0_0;  1 drivers
v0x5fcef6a49670_0 .net "max_distance_angle", 15 0, v0x5fcef6a458a0_0;  1 drivers
v0x5fcef6a49760_0 .net "min_distance_angle", 15 0, v0x5fcef6a45c00_0;  1 drivers
v0x5fcef6a49850_0 .net "obs_alert", 15 0, v0x5fcef6a45f80_0;  1 drivers
v0x5fcef6a499b0_0 .net "parallel_data", 7 0, v0x5fcef6a0ccb0_0;  1 drivers
v0x5fcef6a49ac0_0 .net "receiveData", 0 0, v0x5fcef6a4a270_0;  1 drivers
v0x5fcef6a49b60_0 .net "reset", 0 0, L_0x5fcef6a1b510;  alias, 1 drivers
v0x5fcef6a49c00_0 .net "sendData", 0 0, v0x5fcef6a46510_0;  1 drivers
v0x5fcef6a49ca0_0 .net "transmitData", 0 0, v0x5fcef6a47af0_0;  alias, 1 drivers
S_0x5fcef6a1e800 .scope module, "Bulbasaur" "RxD" 3 660, 3 294 0, S_0x5fcef6999760;
 .timescale -9 -12;
    .port_info 0 /INPUT 1 "clk";
    .port_info 1 /INPUT 1 "reset";
    .port_info 2 /INPUT 1 "serial_input";
    .port_info 3 /OUTPUT 8 "parallel_data";
    .port_info 4 /OUTPUT 1 "byte_packed";
    .port_info 5 /OUTPUT 1 "state";
    .port_info 6 /OUTPUT 4 "bit_counter";
v0x5fcef6a18c50_0 .var "baud_clk", 0 0;
v0x5fcef6a1b6b0_0 .var "baud_counter", 8 0;
v0x5fcef6a1db70_0 .var "bit_counter", 3 0;
v0x5fcef6a0f9b0_0 .var "byte_packed", 0 0;
v0x5fcef6a12d70_0 .net "clk", 0 0, v0x5fcef6a4a1b0_0;  alias, 1 drivers
v0x5fcef6a09f20_0 .var "delayOneMomentPliz", 0 0;
v0x5fcef6a0ccb0_0 .var "parallel_data", 7 0;
v0x5fcef6a42340_0 .net "reset", 0 0, L_0x5fcef6a1b510;  alias, 1 drivers
v0x5fcef6a42400_0 .var "reset_internal", 0 0;
v0x5fcef6a424c0_0 .net "serial_input", 0 0, v0x5fcef6a4a270_0;  alias, 1 drivers
v0x5fcef6a42580_0 .var "startBaud", 0 0;
v0x5fcef6a42640_0 .var "state", 0 0;
E_0x5fcef69cfac0 .event posedge, v0x5fcef6a18c50_0;
E_0x5fcef69cff70 .event posedge, v0x5fcef6a12d70_0;
E_0x5fcef6995a70 .event posedge, v0x5fcef6a42400_0, v0x5fcef6a42340_0, v0x5fcef6a12d70_0;
S_0x5fcef69995a0 .scope module, "Charmander" "distanceProcess" 3 667, 3 41 0, S_0x5fcef6999760;
 .timescale -9 -12;
    .port_info 0 /INPUT 8 "data";
    .port_info 1 /INPUT 1 "clk";
    .port_info 2 /INPUT 1 "rst";
    .port_info 3 /INPUT 1 "takeData";
    .port_info 4 /OUTPUT 16 "max_distance_angle";
    .port_info 5 /OUTPUT 16 "min_distance_angle";
    .port_info 6 /OUTPUT 16 "obs_alert";
    .port_info 7 /OUTPUT 1 "sendData";
    .port_info 8 /OUTPUT 2 "headCheck";
    .port_info 9 /OUTPUT 8 "CT";
    .port_info 10 /OUTPUT 16 "FSA";
    .port_info 11 /OUTPUT 16 "LSA";
    .port_info 12 /OUTPUT 3 "counter1";
    .port_info 13 /OUTPUT 8 "counter2";
    .port_info 14 /OUTPUT 16 "min_distance";
    .port_info 15 /OUTPUT 16 "max_distance";
    .port_info 16 /OUTPUT 16 "AtHand";
    .port_info 17 /OUTPUT 16 "min_distance_idx";
    .port_info 18 /OUTPUT 16 "max_distance_idx";
    .port_info 19 /OUTPUT 3 "quo_rem_reg";
L_0x5fcef6a1da10 .functor BUFZ 1, v0x5fcef6a451f0_0, C4<0>, C4<0>, C4<0>;
v0x5fcef6a442a0_0 .var "AtHand", 15 0;
v0x5fcef6a443a0_0 .var "CT", 7 0;
v0x5fcef6a44480_0 .var "FSA", 15 0;
v0x5fcef6a44540_0 .var "LSA", 15 0;
L_0x73ed891560a8 .functor BUFT 1, C4<000000000000000000000000>, C4<0>, C4<0>, C4<0>;
v0x5fcef6a44620_0 .net/2u *"_ivl_10", 23 0, L_0x73ed891560a8;  1 drivers
v0x5fcef6a44700_0 .net *"_ivl_12", 31 0, L_0x5fcef6a5a870;  1 drivers
L_0x73ed891560f0 .functor BUFT 1, C4<00000000000000000000000000000001>, C4<0>, C4<0>, C4<0>;
v0x5fcef6a447e0_0 .net/2u *"_ivl_14", 31 0, L_0x73ed891560f0;  1 drivers
L_0x73ed89156018 .functor BUFT 1, C4<000000000000000000000000>, C4<0>, C4<0>, C4<0>;
v0x5fcef6a448c0_0 .net/2u *"_ivl_2", 23 0, L_0x73ed89156018;  1 drivers
v0x5fcef6a449a0_0 .net *"_ivl_4", 31 0, L_0x5fcef6a5a620;  1 drivers
L_0x73ed89156060 .functor BUFT 1, C4<00000000000000000000000000000001>, C4<0>, C4<0>, C4<0>;
v0x5fcef6a44b10_0 .net/2u *"_ivl_6", 31 0, L_0x73ed89156060;  1 drivers
v0x5fcef6a44bf0_0 .var "anotherClkDelayer", 0 0;
v0x5fcef6a44cb0_0 .net "busy_max", 0 0, v0x5fcef6a42ea0_0;  1 drivers
v0x5fcef6a44d50_0 .net "busy_min", 0 0, v0x5fcef6a43a50_0;  1 drivers
v0x5fcef6a44e20_0 .net "clk", 0 0, v0x5fcef6a4a1b0_0;  alias, 1 drivers
v0x5fcef6a44ec0_0 .var "clkDelayer", 0 0;
v0x5fcef6a44f60_0 .var "counter1", 2 0;
v0x5fcef6a45020_0 .var "counter2", 7 0;
v0x5fcef6a45100_0 .net "data", 7 0, v0x5fcef6a0ccb0_0;  alias, 1 drivers
v0x5fcef6a451f0_0 .var "divider_reset", 0 0;
v0x5fcef6a45290_0 .net "divider_reset_wire", 0 0, L_0x5fcef6a1da10;  1 drivers
v0x5fcef6a45330_0 .net "division_done_max", 0 0, v0x5fcef6a431d0_0;  1 drivers
v0x5fcef6a453d0_0 .net "division_done_min", 0 0, v0x5fcef6a43df0_0;  1 drivers
v0x5fcef6a454a0_0 .var "headCheck", 1 0;
v0x5fcef6a45540_0 .var "headerA", 7 0;
v0x5fcef6a45620_0 .var "headerB", 7 0;
v0x5fcef6a45700_0 .var "hipHop", 0 0;
v0x5fcef6a457c0_0 .var "max_distance", 15 0;
v0x5fcef6a458a0_0 .var "max_distance_angle", 15 0;
v0x5fcef6a45980_0 .var "max_distance_idx", 15 0;
v0x5fcef6a45a60_0 .var "microCounter", 0 0;
v0x5fcef6a45b20_0 .var "min_distance", 15 0;
v0x5fcef6a45c00_0 .var "min_distance_angle", 15 0;
v0x5fcef6a45ce0_0 .var "min_distance_idx", 15 0;
v0x5fcef6a45dc0_0 .var "numerator_max", 31 0;
v0x5fcef6a45eb0_0 .var "numerator_min", 31 0;
v0x5fcef6a45f80_0 .var "obs_alert", 15 0;
v0x5fcef6a46040_0 .var "obs_distance", 15 0;
v0x5fcef6a46120_0 .net "quo_max", 31 0, v0x5fcef6a43290_0;  1 drivers
v0x5fcef6a46210_0 .net "quo_min", 31 0, v0x5fcef6a43eb0_0;  1 drivers
v0x5fcef6a462e0_0 .var "quo_rem_reg", 2 0;
v0x5fcef6a463a0_0 .net "rst", 0 0, L_0x5fcef6a1b510;  alias, 1 drivers
v0x5fcef6a46470_0 .var "rst_state", 0 0;
v0x5fcef6a46510_0 .var "sendData", 0 0;
v0x5fcef6a465d0_0 .var "sendDataReg", 0 0;
v0x5fcef6a46690_0 .net "takeData", 0 0, v0x5fcef6a0f9b0_0;  alias, 1 drivers
v0x5fcef6a46760_0 .var "temp", 7 0;
E_0x5fcef69d04b0 .event posedge, v0x5fcef6a46470_0, v0x5fcef6a42340_0, v0x5fcef6a12d70_0;
L_0x5fcef6a5a620 .concat [ 8 24 0 0], v0x5fcef6a443a0_0, L_0x73ed89156018;
L_0x5fcef6a5a730 .arith/sub 32, L_0x5fcef6a5a620, L_0x73ed89156060;
L_0x5fcef6a5a870 .concat [ 8 24 0 0], v0x5fcef6a443a0_0, L_0x73ed891560a8;
L_0x5fcef6a5a9e0 .arith/sub 32, L_0x5fcef6a5a870, L_0x73ed891560f0;
S_0x5fcef6a42a10 .scope module, "max_divider" "division" 3 256, 3 2 0, S_0x5fcef69995a0;
 .timescale -9 -12;
    .port_info 0 /INPUT 1 "clk";
    .port_info 1 /INPUT 1 "rst";
    .port_info 2 /INPUT 32 "N";
    .port_info 3 /INPUT 32 "D";
    .port_info 4 /OUTPUT 32 "quo";
    .port_info 5 /OUTPUT 1 "busy";
    .port_info 6 /OUTPUT 1 "done";
v0x5fcef6a42cc0_0 .net "D", 31 0, L_0x5fcef6a5a9e0;  1 drivers
v0x5fcef6a42dc0_0 .net "N", 31 0, v0x5fcef6a45dc0_0;  1 drivers
v0x5fcef6a42ea0_0 .var "busy", 0 0;
v0x5fcef6a42f40_0 .net "clk", 0 0, v0x5fcef6a4a1b0_0;  alias, 1 drivers
v0x5fcef6a42fe0_0 .var "counter", 5 0;
v0x5fcef6a430f0_0 .var "d", 63 0;
v0x5fcef6a431d0_0 .var "done", 0 0;
v0x5fcef6a43290_0 .var "quo", 31 0;
v0x5fcef6a43370_0 .var "r", 63 0;
v0x5fcef6a43450_0 .net "rst", 0 0, L_0x5fcef6a1da10;  alias, 1 drivers
S_0x5fcef6a43630 .scope module, "min_divider" "division" 3 247, 3 2 0, S_0x5fcef69995a0;
 .timescale -9 -12;
    .port_info 0 /INPUT 1 "clk";
    .port_info 1 /INPUT 1 "rst";
    .port_info 2 /INPUT 32 "N";
    .port_info 3 /INPUT 32 "D";
    .port_info 4 /OUTPUT 32 "quo";
    .port_info 5 /OUTPUT 1 "busy";
    .port_info 6 /OUTPUT 1 "done";
v0x5fcef6a43890_0 .net "D", 31 0, L_0x5fcef6a5a730;  1 drivers
v0x5fcef6a43970_0 .net "N", 31 0, v0x5fcef6a45eb0_0;  1 drivers
v0x5fcef6a43a50_0 .var "busy", 0 0;
v0x5fcef6a43af0_0 .net "clk", 0 0, v0x5fcef6a4a1b0_0;  alias, 1 drivers
v0x5fcef6a43be0_0 .var "counter", 5 0;
v0x5fcef6a43d10_0 .var "d", 63 0;
v0x5fcef6a43df0_0 .var "done", 0 0;
v0x5fcef6a43eb0_0 .var "quo", 31 0;
v0x5fcef6a43f90_0 .var "r", 63 0;
v0x5fcef6a44100_0 .net "rst", 0 0, L_0x5fcef6a1da10;  alias, 1 drivers
S_0x5fcef6a46b50 .scope module, "Squirlte" "controlToTxD" 3 677, 3 458 0, S_0x5fcef6999760;
 .timescale -9 -12;
    .port_info 0 /INPUT 1 "clk";
    .port_info 1 /INPUT 1 "rst";
    .port_info 2 /INPUT 1 "sendData";
    .port_info 3 /INPUT 16 "min_distance_angle";
    .port_info 4 /INPUT 16 "max_distance_angle";
    .port_info 5 /INPUT 16 "obs_alert";
    .port_info 6 /OUTPUT 1 "serial_output";
    .port_info 7 /OUTPUT 1 "sendingDone";
    .port_info 8 /OUTPUT 3 "steps";
    .port_info 9 /OUTPUT 1 "busy";
    .port_info 10 /OUTPUT 1 "receiveData";
    .port_info 11 /OUTPUT 16 "min_distance_angle_local";
    .port_info 12 /OUTPUT 1 "TxD_reset";
    .port_info 13 /OUTPUT 2 "state";
    .port_info 14 /OUTPUT 1 "startTheSending";
    .port_info 15 /OUTPUT 1 "baud_clk";
L_0x5fcef6a0f850 .functor BUFZ 1, v0x5fcef6a48090_0, C4<0>, C4<0>, C4<0>;
L_0x5fcef6a0fcd0 .functor BUFZ 8, v0x5fcef6a48440_0, C4<00000000>, C4<00000000>, C4<00000000>;
L_0x5fcef6a09dc0 .functor BUFZ 1, v0x5fcef6a47ef0_0, C4<0>, C4<0>, C4<0>;
v0x5fcef6a47ef0_0 .var "TxD_reset", 0 0;
v0x5fcef6a47fd0_0 .net "TxD_reset_wire", 0 0, L_0x5fcef6a09dc0;  1 drivers
v0x5fcef6a48090_0 .var "baud_clk", 0 0;
v0x5fcef6a48160_0 .net "baud_clk_wire", 0 0, L_0x5fcef6a0f850;  1 drivers
v0x5fcef6a48230_0 .var "baud_counter", 8 0;
v0x5fcef6a482d0_0 .net "busy", 0 0, v0x5fcef6a47430_0;  1 drivers
v0x5fcef6a48370_0 .net "byteAtHand", 7 0, L_0x5fcef6a0fcd0;  1 drivers
v0x5fcef6a48440_0 .var "byteAtHandReg", 7 0;
v0x5fcef6a484e0_0 .net "clk", 0 0, v0x5fcef6a4a1b0_0;  alias, 1 drivers
v0x5fcef6a48610_0 .var "extraCounter", 0 0;
v0x5fcef6a486d0_0 .var "internalReset", 0 0;
v0x5fcef6a48790_0 .net "max_distance_angle", 15 0, v0x5fcef6a458a0_0;  alias, 1 drivers
v0x5fcef6a48880_0 .var "max_distance_angle_local", 15 0;
v0x5fcef6a48940_0 .net "min_distance_angle", 15 0, v0x5fcef6a45c00_0;  alias, 1 drivers
v0x5fcef6a48a30_0 .var "min_distance_angle_local", 15 0;
v0x5fcef6a48af0_0 .net "obs_alert", 15 0, v0x5fcef6a45f80_0;  alias, 1 drivers
v0x5fcef6a48be0_0 .var "obs_alert_local", 15 0;
v0x5fcef6a48ca0_0 .var "receiveData", 0 0;
v0x5fcef6a48d70_0 .var "receiveDataWait", 0 0;
v0x5fcef6a48e10_0 .net "rst", 0 0, L_0x5fcef6a1b510;  alias, 1 drivers
v0x5fcef6a48eb0_0 .net "sendData", 0 0, v0x5fcef6a46510_0;  alias, 1 drivers
v0x5fcef6a48f50_0 .net "sendingDone", 0 0, v0x5fcef6a479a0_0;  1 drivers
v0x5fcef6a49020_0 .net "serial_output", 0 0, v0x5fcef6a47af0_0;  alias, 1 drivers
v0x5fcef6a490f0_0 .net "startTheSending", 0 0, v0x5fcef6a47bb0_0;  1 drivers
v0x5fcef6a491c0_0 .net "state", 1 0, v0x5fcef6a47c70_0;  1 drivers
v0x5fcef6a49290_0 .var "steps", 2 0;
S_0x5fcef6a46ef0 .scope module, "transmiterr" "TxD" 3 487, 3 379 0, S_0x5fcef6a46b50;
 .timescale -9 -12;
    .port_info 0 /INPUT 1 "clk";
    .port_info 1 /INPUT 1 "reset";
    .port_info 2 /INPUT 8 "byte_processed";
    .port_info 3 /INPUT 1 "receiveData";
    .port_info 4 /INPUT 1 "baud_clk";
    .port_info 5 /OUTPUT 1 "serial_output";
    .port_info 6 /OUTPUT 1 "sending_done";
    .port_info 7 /OUTPUT 1 "busy";
    .port_info 8 /OUTPUT 2 "state";
    .port_info 9 /OUTPUT 1 "startTheSending";
v0x5fcef6a47270_0 .net "baud_clk", 0 0, L_0x5fcef6a0f850;  alias, 1 drivers
v0x5fcef6a47350_0 .var "bit_counter", 3 0;
v0x5fcef6a47430_0 .var "busy", 0 0;
v0x5fcef6a47500_0 .net "byte_processed", 7 0, L_0x5fcef6a0fcd0;  alias, 1 drivers
v0x5fcef6a475e0_0 .net "clk", 0 0, v0x5fcef6a4a1b0_0;  alias, 1 drivers
v0x5fcef6a47760_0 .net "receiveData", 0 0, v0x5fcef6a48ca0_0;  1 drivers
v0x5fcef6a47820_0 .net "reset", 0 0, L_0x5fcef6a09dc0;  alias, 1 drivers
v0x5fcef6a478e0_0 .var "reset_internal", 0 0;
v0x5fcef6a479a0_0 .var "sending_done", 0 0;
v0x5fcef6a47af0_0 .var "serial_output", 0 0;
v0x5fcef6a47bb0_0 .var "startTheSending", 0 0;
v0x5fcef6a47c70_0 .var "state", 1 0;
E_0x5fcef6a2b8b0 .event posedge, v0x5fcef6a47270_0;
E_0x5fcef6a47210 .event posedge, v0x5fcef6a478e0_0, v0x5fcef6a47820_0, v0x5fcef6a12d70_0;
S_0x5fcef6a49df0 .scope task, "uart_send_byte" "uart_send_byte" 2 84, 2 84 0, S_0x5fcef699aaa0;
 .timescale -9 -12;
v0x5fcef6a49ff0_0 .var "data", 7 0;
v0x5fcef6a4a0d0_0 .var/i "i", 31 0;
TD_tb_topModule.uart_send_byte ;
    %pushi/vec4 0, 0, 1;
    %store/vec4 v0x5fcef6a4a270_0, 0, 1;
    %delay 8680000, 0;
    %pushi/vec4 0, 0, 32;
    %store/vec4 v0x5fcef6a4a0d0_0, 0, 32;
T_0.0 ;
    %load/vec4 v0x5fcef6a4a0d0_0;
    %cmpi/s 8, 0, 32;
    %jmp/0xz T_0.1, 5;
    %load/vec4 v0x5fcef6a49ff0_0;
    %load/vec4 v0x5fcef6a4a0d0_0;
    %part/s 1;
    %store/vec4 v0x5fcef6a4a270_0, 0, 1;
    %delay 8680000, 0;
    %load/vec4 v0x5fcef6a4a0d0_0;
    %addi 1, 0, 32;
    %store/vec4 v0x5fcef6a4a0d0_0, 0, 32;
    %jmp T_0.0;
T_0.1 ;
    %pushi/vec4 1, 0, 1;
    %store/vec4 v0x5fcef6a4a270_0, 0, 1;
    %delay 8680000, 0;
    %delay 100000, 0;
    %end;
    .scope S_0x5fcef6a1e800;
T_1 ;
    %wait E_0x5fcef69cff70;
    %load/vec4 v0x5fcef6a42580_0;
    %flag_set/vec4 8;
    %jmp/0xz  T_1.0, 8;
    %load/vec4 v0x5fcef6a1b6b0_0;
    %pad/u 32;
    %cmpi/u 434, 0, 32;
    %jmp/0xz  T_1.2, 5;
    %load/vec4 v0x5fcef6a1b6b0_0;
    %addi 1, 0, 9;
    %assign/vec4 v0x5fcef6a1b6b0_0, 0;
T_1.2 ;
    %load/vec4 v0x5fcef6a1b6b0_0;
    %pad/u 32;
    %cmpi/e 434, 0, 32;
    %jmp/0xz  T_1.4, 4;
    %load/vec4 v0x5fcef6a18c50_0;
    %inv;
    %assign/vec4 v0x5fcef6a18c50_0, 0;
    %pushi/vec4 0, 0, 9;
    %assign/vec4 v0x5fcef6a1b6b0_0, 0;
T_1.4 ;
T_1.0 ;
    %jmp T_1;
    .thread T_1;
    .scope S_0x5fcef6a1e800;
T_2 ;
    %wait E_0x5fcef6995a70;
    %load/vec4 v0x5fcef6a42340_0;
    %load/vec4 v0x5fcef6a42400_0;
    %or;
    %flag_set/vec4 8;
    %jmp/0xz  T_2.0, 8;
    %pushi/vec4 0, 0, 1;
    %assign/vec4 v0x5fcef6a42580_0, 0;
    %pushi/vec4 0, 0, 9;
    %assign/vec4 v0x5fcef6a1b6b0_0, 0;
    %pushi/vec4 0, 0, 1;
    %assign/vec4 v0x5fcef6a42640_0, 0;
    %pushi/vec4 0, 0, 1;
    %assign/vec4 v0x5fcef6a42400_0, 0;
    %pushi/vec4 0, 0, 1;
    %assign/vec4 v0x5fcef6a18c50_0, 0;
    %pushi/vec4 0, 0, 8;
    %assign/vec4 v0x5fcef6a0ccb0_0, 0;
    %pushi/vec4 0, 0, 4;
    %assign/vec4 v0x5fcef6a1db70_0, 0;
    %pushi/vec4 0, 0, 1;
    %assign/vec4 v0x5fcef6a0f9b0_0, 0;
    %pushi/vec4 0, 0, 1;
    %assign/vec4 v0x5fcef6a09f20_0, 0;
T_2.0 ;
    %jmp T_2;
    .thread T_2;
    .scope S_0x5fcef6a1e800;
T_3 ;
    %wait E_0x5fcef69cff70;
    %load/vec4 v0x5fcef6a42640_0;
    %dup/vec4;
    %pushi/vec4 0, 0, 1;
    %cmp/u;
    %jmp/1 T_3.0, 6;
    %dup/vec4;
    %pushi/vec4 1, 0, 1;
    %cmp/u;
    %jmp/1 T_3.1, 6;
    %jmp T_3.2;
T_3.0 ;
    %load/vec4 v0x5fcef6a424c0_0;
    %pad/u 32;
    %cmpi/e 0, 0, 32;
    %jmp/0xz  T_3.3, 4;
    %pushi/vec4 1, 0, 1;
    %assign/vec4 v0x5fcef6a42580_0, 0;
T_3.3 ;
    %jmp T_3.2;
T_3.1 ;
    %load/vec4 v0x5fcef6a1db70_0;
    %pad/u 32;
    %cmpi/e 8, 0, 32;
    %jmp/0xz  T_3.5, 4;
    %pushi/vec4 1, 0, 1;
    %assign/vec4 v0x5fcef6a0f9b0_0, 0;
    %pushi/vec4 1, 0, 1;
    %assign/vec4 v0x5fcef6a09f20_0, 0;
T_3.5 ;
    %jmp T_3.2;
T_3.2 ;
    %pop/vec4 1;
    %jmp T_3;
    .thread T_3;
    .scope S_0x5fcef6a1e800;
T_4 ;
    %wait E_0x5fcef69cfac0;
    %load/vec4 v0x5fcef6a42640_0;
    %dup/vec4;
    %pushi/vec4 0, 0, 1;
    %cmp/u;
    %jmp/1 T_4.0, 6;
    %dup/vec4;
    %pushi/vec4 1, 0, 1;
    %cmp/u;
    %jmp/1 T_4.1, 6;
    %jmp T_4.2;
T_4.0 ;
    %load/vec4 v0x5fcef6a424c0_0;
    %pad/u 32;
    %cmpi/e 0, 0, 32;
    %jmp/0xz  T_4.3, 4;
    %pushi/vec4 1, 0, 1;
    %assign/vec4 v0x5fcef6a42640_0, 0;
T_4.3 ;
    %jmp T_4.2;
T_4.1 ;
    %load/vec4 v0x5fcef6a1db70_0;
    %pad/u 32;
    %cmpi/u 8, 0, 32;
    %jmp/0xz  T_4.5, 5;
    %load/vec4 v0x5fcef6a424c0_0;
    %ix/load 5, 0, 0;
    %pushi/vec4 7, 0, 32;
    %load/vec4 v0x5fcef6a1db70_0;
    %pad/u 32;
    %sub;
    %ix/vec4 4;
    %assign/vec4/off/d v0x5fcef6a0ccb0_0, 4, 5;
    %load/vec4 v0x5fcef6a1db70_0;
    %addi 1, 0, 4;
    %assign/vec4 v0x5fcef6a1db70_0, 0;
T_4.5 ;
    %jmp T_4.2;
T_4.2 ;
    %pop/vec4 1;
    %jmp T_4;
    .thread T_4;
    .scope S_0x5fcef6a1e800;
T_5 ;
    %wait E_0x5fcef69cfac0;
    %load/vec4 v0x5fcef6a09f20_0;
    %flag_set/vec4 8;
    %jmp/0xz  T_5.0, 8;
    %pushi/vec4 1, 0, 1;
    %assign/vec4 v0x5fcef6a42400_0, 0;
T_5.0 ;
    %jmp T_5;
    .thread T_5;
    .scope S_0x5fcef6a43630;
T_6 ;
    %wait E_0x5fcef69cff70;
    %load/vec4 v0x5fcef6a44100_0;
    %flag_set/vec4 8;
    %jmp/0xz  T_6.0, 8;
    %pushi/vec4 32, 0, 6;
    %assign/vec4 v0x5fcef6a43be0_0, 0;
    %pushi/vec4 0, 0, 32;
    %load/vec4 v0x5fcef6a43970_0;
    %concat/vec4; draw_concat_vec4
    %assign/vec4 v0x5fcef6a43f90_0, 0;
    %load/vec4 v0x5fcef6a43890_0;
    %pad/u 64;
    %ix/load 4, 32, 0;
    %flag_set/imm 4, 0;
    %shiftl 4;
    %assign/vec4 v0x5fcef6a43d10_0, 0;
    %pushi/vec4 32, 0, 6;
    %assign/vec4 v0x5fcef6a43be0_0, 0;
    %pushi/vec4 0, 0, 1;
    %assign/vec4 v0x5fcef6a43df0_0, 0;
    %pushi/vec4 1, 0, 1;
    %assign/vec4 v0x5fcef6a43a50_0, 0;
    %pushi/vec4 0, 0, 32;
    %assign/vec4 v0x5fcef6a43eb0_0, 0;
    %jmp T_6.1;
T_6.0 ;
    %load/vec4 v0x5fcef6a43be0_0;
    %pad/u 32;
    %cmpi/u 0, 0, 32;
    %flag_or 5, 4; GT is !LE
    %flag_inv 5;
    %jmp/0xz  T_6.2, 5;
    %load/vec4 v0x5fcef6a43d10_0;
    %load/vec4 v0x5fcef6a43f90_0;
    %ix/load 4, 1, 0;
    %flag_set/imm 4, 0;
    %shiftl 4;
    %cmp/u;
    %flag_or 5, 4;
    %jmp/0xz  T_6.4, 5;
    %pushi/vec4 1, 0, 1;
    %ix/load 5, 0, 0;
    %load/vec4 v0x5fcef6a43be0_0;
    %pad/u 32;
    %subi 1, 0, 32;
    %ix/vec4 4;
    %assign/vec4/off/d v0x5fcef6a43eb0_0, 4, 5;
    %load/vec4 v0x5fcef6a43f90_0;
    %ix/load 4, 1, 0;
    %flag_set/imm 4, 0;
    %shiftl 4;
    %load/vec4 v0x5fcef6a43d10_0;
    %sub;
    %assign/vec4 v0x5fcef6a43f90_0, 0;
    %jmp T_6.5;
T_6.4 ;
    %pushi/vec4 0, 0, 1;
    %ix/load 5, 0, 0;
    %load/vec4 v0x5fcef6a43be0_0;
    %pad/u 32;
    %subi 1, 0, 32;
    %ix/vec4 4;
    %assign/vec4/off/d v0x5fcef6a43eb0_0, 4, 5;
    %load/vec4 v0x5fcef6a43f90_0;
    %ix/load 4, 1, 0;
    %flag_set/imm 4, 0;
    %shiftl 4;
    %assign/vec4 v0x5fcef6a43f90_0, 0;
T_6.5 ;
    %load/vec4 v0x5fcef6a43be0_0;
    %subi 1, 0, 6;
    %assign/vec4 v0x5fcef6a43be0_0, 0;
    %jmp T_6.3;
T_6.2 ;
    %pushi/vec4 1, 0, 1;
    %assign/vec4 v0x5fcef6a43df0_0, 0;
    %pushi/vec4 0, 0, 1;
    %assign/vec4 v0x5fcef6a43a50_0, 0;
T_6.3 ;
T_6.1 ;
    %jmp T_6;
    .thread T_6;
    .scope S_0x5fcef6a42a10;
T_7 ;
    %wait E_0x5fcef69cff70;
    %load/vec4 v0x5fcef6a43450_0;
    %flag_set/vec4 8;
    %jmp/0xz  T_7.0, 8;
    %pushi/vec4 32, 0, 6;
    %assign/vec4 v0x5fcef6a42fe0_0, 0;
    %pushi/vec4 0, 0, 32;
    %load/vec4 v0x5fcef6a42dc0_0;
    %concat/vec4; draw_concat_vec4
    %assign/vec4 v0x5fcef6a43370_0, 0;
    %load/vec4 v0x5fcef6a42cc0_0;
    %pad/u 64;
    %ix/load 4, 32, 0;
    %flag_set/imm 4, 0;
    %shiftl 4;
    %assign/vec4 v0x5fcef6a430f0_0, 0;
    %pushi/vec4 32, 0, 6;
    %assign/vec4 v0x5fcef6a42fe0_0, 0;
    %pushi/vec4 0, 0, 1;
    %assign/vec4 v0x5fcef6a431d0_0, 0;
    %pushi/vec4 1, 0, 1;
    %assign/vec4 v0x5fcef6a42ea0_0, 0;
    %pushi/vec4 0, 0, 32;
    %assign/vec4 v0x5fcef6a43290_0, 0;
    %jmp T_7.1;
T_7.0 ;
    %load/vec4 v0x5fcef6a42fe0_0;
    %pad/u 32;
    %cmpi/u 0, 0, 32;
    %flag_or 5, 4; GT is !LE
    %flag_inv 5;
    %jmp/0xz  T_7.2, 5;
    %load/vec4 v0x5fcef6a430f0_0;
    %load/vec4 v0x5fcef6a43370_0;
    %ix/load 4, 1, 0;
    %flag_set/imm 4, 0;
    %shiftl 4;
    %cmp/u;
    %flag_or 5, 4;
    %jmp/0xz  T_7.4, 5;
    %pushi/vec4 1, 0, 1;
    %ix/load 5, 0, 0;
    %load/vec4 v0x5fcef6a42fe0_0;
    %pad/u 32;
    %subi 1, 0, 32;
    %ix/vec4 4;
    %assign/vec4/off/d v0x5fcef6a43290_0, 4, 5;
    %load/vec4 v0x5fcef6a43370_0;
    %ix/load 4, 1, 0;
    %flag_set/imm 4, 0;
    %shiftl 4;
    %load/vec4 v0x5fcef6a430f0_0;
    %sub;
    %assign/vec4 v0x5fcef6a43370_0, 0;
    %jmp T_7.5;
T_7.4 ;
    %pushi/vec4 0, 0, 1;
    %ix/load 5, 0, 0;
    %load/vec4 v0x5fcef6a42fe0_0;
    %pad/u 32;
    %subi 1, 0, 32;
    %ix/vec4 4;
    %assign/vec4/off/d v0x5fcef6a43290_0, 4, 5;
    %load/vec4 v0x5fcef6a43370_0;
    %ix/load 4, 1, 0;
    %flag_set/imm 4, 0;
    %shiftl 4;
    %assign/vec4 v0x5fcef6a43370_0, 0;
T_7.5 ;
    %load/vec4 v0x5fcef6a42fe0_0;
    %subi 1, 0, 6;
    %assign/vec4 v0x5fcef6a42fe0_0, 0;
    %jmp T_7.3;
T_7.2 ;
    %pushi/vec4 1, 0, 1;
    %assign/vec4 v0x5fcef6a431d0_0, 0;
    %pushi/vec4 0, 0, 1;
    %assign/vec4 v0x5fcef6a42ea0_0, 0;
T_7.3 ;
T_7.1 ;
    %jmp T_7;
    .thread T_7;
    .scope S_0x5fcef69995a0;
T_8 ;
    %wait E_0x5fcef69d04b0;
    %load/vec4 v0x5fcef6a463a0_0;
    %load/vec4 v0x5fcef6a46470_0;
    %or;
    %flag_set/vec4 8;
    %jmp/0xz  T_8.0, 8;
    %pushi/vec4 0, 0, 2;
    %assign/vec4 v0x5fcef6a454a0_0, 0;
    %pushi/vec4 170, 0, 8;
    %assign/vec4 v0x5fcef6a45540_0, 0;
    %pushi/vec4 85, 0, 8;
    %assign/vec4 v0x5fcef6a45620_0, 0;
    %pushi/vec4 0, 0, 1;
    %assign/vec4 v0x5fcef6a46470_0, 0;
    %pushi/vec4 0, 0, 3;
    %assign/vec4 v0x5fcef6a44f60_0, 0;
    %pushi/vec4 0, 0, 8;
    %assign/vec4 v0x5fcef6a45020_0, 0;
    %pushi/vec4 0, 0, 1;
    %assign/vec4 v0x5fcef6a45a60_0, 0;
    %pushi/vec4 0, 0, 16;
    %assign/vec4 v0x5fcef6a442a0_0, 0;
    %pushi/vec4 128, 0, 16;
    %assign/vec4 v0x5fcef6a46040_0, 0;
    %pushi/vec4 0, 0, 16;
    %assign/vec4 v0x5fcef6a457c0_0, 0;
    %pushi/vec4 65535, 0, 16;
    %assign/vec4 v0x5fcef6a45b20_0, 0;
    %pushi/vec4 0, 0, 16;
    %assign/vec4 v0x5fcef6a45f80_0, 0;
    %pushi/vec4 0, 0, 1;
    %assign/vec4 v0x5fcef6a46510_0, 0;
    %pushi/vec4 1, 0, 1;
    %assign/vec4 v0x5fcef6a451f0_0, 0;
    %pushi/vec4 0, 0, 3;
    %assign/vec4 v0x5fcef6a462e0_0, 0;
    %pushi/vec4 1, 0, 1;
    %assign/vec4 v0x5fcef6a44ec0_0, 0;
    %pushi/vec4 1, 0, 1;
    %assign/vec4 v0x5fcef6a44bf0_0, 0;
T_8.0 ;
    %load/vec4 v0x5fcef6a463a0_0;
    %flag_set/vec4 8;
    %jmp/0xz  T_8.2, 8;
    %pushi/vec4 0, 0, 1;
    %assign/vec4 v0x5fcef6a465d0_0, 0;
T_8.2 ;
    %jmp T_8;
    .thread T_8;
    .scope S_0x5fcef69995a0;
T_9 ;
    %wait E_0x5fcef69cff70;
    %load/vec4 v0x5fcef6a46690_0;
    %flag_set/vec4 8;
    %jmp/0xz  T_9.0, 8;
    %load/vec4 v0x5fcef6a463a0_0;
    %load/vec4 v0x5fcef6a46470_0;
    %or;
    %nor/r;
    %flag_set/vec4 8;
    %jmp/0xz  T_9.2, 8;
    %load/vec4 v0x5fcef6a454a0_0;
    %parti/s 1, 0, 2;
    %nor/r;
    %flag_set/vec4 8;
    %jmp/0xz  T_9.4, 8;
    %load/vec4 v0x5fcef6a454a0_0;
    %parti/s 1, 1, 2;
    %nor/r;
    %flag_set/vec4 8;
    %jmp/0xz  T_9.6, 8;
    %load/vec4 v0x5fcef6a45100_0;
    %load/vec4 v0x5fcef6a45540_0;
    %cmp/e;
    %jmp/0xz  T_9.8, 4;
    %pushi/vec4 1, 0, 1;
    %ix/load 4, 0, 0;
    %ix/load 5, 0, 0;
    %flag_set/imm 4, 0;
    %assign/vec4/off/d v0x5fcef6a454a0_0, 4, 5;
T_9.8 ;
    %jmp T_9.7;
T_9.6 ;
    %pushi/vec4 1, 0, 1;
    %assign/vec4 v0x5fcef6a46470_0, 0;
T_9.7 ;
    %jmp T_9.5;
T_9.4 ;
    %load/vec4 v0x5fcef6a454a0_0;
    %parti/s 1, 1, 2;
    %nor/r;
    %flag_set/vec4 8;
    %jmp/0xz  T_9.10, 8;
    %load/vec4 v0x5fcef6a45100_0;
    %load/vec4 v0x5fcef6a45620_0;
    %cmp/e;
    %jmp/0xz  T_9.12, 4;
    %pushi/vec4 1, 0, 1;
    %ix/load 4, 1, 0;
    %ix/load 5, 0, 0;
    %flag_set/imm 4, 0;
    %assign/vec4/off/d v0x5fcef6a454a0_0, 4, 5;
    %jmp T_9.13;
T_9.12 ;
    %pushi/vec4 1, 0, 1;
    %assign/vec4 v0x5fcef6a46470_0, 0;
T_9.13 ;
T_9.10 ;
T_9.5 ;
T_9.2 ;
T_9.0 ;
    %jmp T_9;
    .thread T_9;
    .scope S_0x5fcef69995a0;
T_10 ;
    %wait E_0x5fcef69cff70;
    %load/vec4 v0x5fcef6a454a0_0;
    %parti/s 1, 1, 2;
    %flag_set/vec4 8;
    %jmp/0xz  T_10.0, 8;
    %load/vec4 v0x5fcef6a46690_0;
    %flag_set/vec4 8;
    %jmp/0xz  T_10.2, 8;
    %load/vec4 v0x5fcef6a44f60_0;
    %cmpi/e 0, 0, 3;
    %jmp/0xz  T_10.4, 4;
    %load/vec4 v0x5fcef6a45100_0;
    %assign/vec4 v0x5fcef6a443a0_0, 0;
    %load/vec4 v0x5fcef6a44f60_0;
    %addi 1, 0, 3;
    %assign/vec4 v0x5fcef6a44f60_0, 0;
    %jmp T_10.5;
T_10.4 ;
    %load/vec4 v0x5fcef6a44f60_0;
    %cmpi/e 1, 0, 3;
    %jmp/0xz  T_10.6, 4;
    %load/vec4 v0x5fcef6a45100_0;
    %assign/vec4 v0x5fcef6a46760_0, 0;
    %load/vec4 v0x5fcef6a44f60_0;
    %addi 1, 0, 3;
    %assign/vec4 v0x5fcef6a44f60_0, 0;
    %jmp T_10.7;
T_10.6 ;
    %load/vec4 v0x5fcef6a44f60_0;
    %cmpi/e 2, 0, 3;
    %jmp/0xz  T_10.8, 4;
    %load/vec4 v0x5fcef6a45100_0;
    %load/vec4 v0x5fcef6a46760_0;
    %concat/vec4; draw_concat_vec4
    %assign/vec4 v0x5fcef6a44480_0, 0;
    %load/vec4 v0x5fcef6a44f60_0;
    %addi 1, 0, 3;
    %assign/vec4 v0x5fcef6a44f60_0, 0;
    %jmp T_10.9;
T_10.8 ;
    %load/vec4 v0x5fcef6a44f60_0;
    %cmpi/e 3, 0, 3;
    %jmp/0xz  T_10.10, 4;
    %load/vec4 v0x5fcef6a45100_0;
    %assign/vec4 v0x5fcef6a46760_0, 0;
    %load/vec4 v0x5fcef6a44f60_0;
    %addi 1, 0, 3;
    %assign/vec4 v0x5fcef6a44f60_0, 0;
    %jmp T_10.11;
T_10.10 ;
    %load/vec4 v0x5fcef6a44f60_0;
    %cmpi/e 4, 0, 3;
    %jmp/0xz  T_10.12, 4;
    %load/vec4 v0x5fcef6a45100_0;
    %load/vec4 v0x5fcef6a46760_0;
    %concat/vec4; draw_concat_vec4
    %assign/vec4 v0x5fcef6a44540_0, 0;
    %load/vec4 v0x5fcef6a44f60_0;
    %addi 1, 0, 3;
    %assign/vec4 v0x5fcef6a44f60_0, 0;
T_10.12 ;
T_10.11 ;
T_10.9 ;
T_10.7 ;
T_10.5 ;
T_10.2 ;
T_10.0 ;
    %jmp T_10;
    .thread T_10;
    .scope S_0x5fcef69995a0;
T_11 ;
    %wait E_0x5fcef69cff70;
    %load/vec4 v0x5fcef6a46690_0;
    %flag_set/vec4 8;
    %jmp/0xz  T_11.0, 8;
    %load/vec4 v0x5fcef6a44f60_0;
    %cmpi/e 5, 0, 3;
    %jmp/0xz  T_11.2, 4;
    %load/vec4 v0x5fcef6a45020_0;
    %load/vec4 v0x5fcef6a443a0_0;
    %cmp/u;
    %jmp/0xz  T_11.4, 5;
    %load/vec4 v0x5fcef6a45a60_0;
    %nor/r;
    %flag_set/vec4 8;
    %jmp/0xz  T_11.6, 8;
    %load/vec4 v0x5fcef6a45100_0;
    %assign/vec4 v0x5fcef6a46760_0, 0;
    %load/vec4 v0x5fcef6a45a60_0;
    %inv;
    %assign/vec4 v0x5fcef6a45a60_0, 0;
    %jmp T_11.7;
T_11.6 ;
    %load/vec4 v0x5fcef6a45100_0;
    %load/vec4 v0x5fcef6a46760_0;
    %concat/vec4; draw_concat_vec4
    %assign/vec4 v0x5fcef6a442a0_0, 0;
    %pushi/vec4 1, 0, 1;
    %assign/vec4 v0x5fcef6a45700_0, 0;
    %load/vec4 v0x5fcef6a45a60_0;
    %inv;
    %assign/vec4 v0x5fcef6a45a60_0, 0;
T_11.7 ;
T_11.4 ;
T_11.2 ;
T_11.0 ;
    %load/vec4 v0x5fcef6a45700_0;
    %flag_set/vec4 8;
    %jmp/0xz  T_11.8, 8;
    %pushi/vec4 0, 0, 1;
    %assign/vec4 v0x5fcef6a45700_0, 0;
    %load/vec4 v0x5fcef6a442a0_0;
    %pushi/vec4 0, 0, 16;
    %cmp/ne;
    %flag_get/vec4 4;
    %load/vec4 v0x5fcef6a442a0_0;
    %load/vec4 v0x5fcef6a45b20_0;
    %cmp/u;
    %flag_get/vec4 5;
    %and;
    %flag_set/vec4 8;
    %jmp/0xz  T_11.10, 8;
    %load/vec4 v0x5fcef6a442a0_0;
    %assign/vec4 v0x5fcef6a45b20_0, 0;
    %load/vec4 v0x5fcef6a45020_0;
    %pad/u 16;
    %assign/vec4 v0x5fcef6a45ce0_0, 0;
    %load/vec4 v0x5fcef6a45020_0;
    %addi 1, 0, 8;
    %assign/vec4 v0x5fcef6a45020_0, 0;
T_11.10 ;
    %load/vec4 v0x5fcef6a457c0_0;
    %load/vec4 v0x5fcef6a442a0_0;
    %cmp/u;
    %jmp/0xz  T_11.12, 5;
    %load/vec4 v0x5fcef6a442a0_0;
    %assign/vec4 v0x5fcef6a457c0_0, 0;
    %load/vec4 v0x5fcef6a45020_0;
    %pad/u 16;
    %assign/vec4 v0x5fcef6a45980_0, 0;
    %load/vec4 v0x5fcef6a45020_0;
    %addi 1, 0, 8;
    %assign/vec4 v0x5fcef6a45020_0, 0;
    %jmp T_11.13;
T_11.12 ;
    %load/vec4 v0x5fcef6a442a0_0;
    %cmpi/ne 0, 0, 16;
    %jmp/0xz  T_11.14, 4;
    %load/vec4 v0x5fcef6a45020_0;
    %addi 1, 0, 8;
    %assign/vec4 v0x5fcef6a45020_0, 0;
T_11.14 ;
T_11.13 ;
    %load/vec4 v0x5fcef6a442a0_0;
    %pushi/vec4 0, 0, 16;
    %cmp/ne;
    %flag_get/vec4 4;
    %load/vec4 v0x5fcef6a45020_0;
    %cmpi/u 15, 0, 8;
    %flag_get/vec4 4;
    %flag_get/vec4 5;
    %or;
    %and;
    %flag_set/vec4 8;
    %jmp/0xz  T_11.16, 8;
    %load/vec4 v0x5fcef6a442a0_0;
    %load/vec4 v0x5fcef6a46040_0;
    %cmp/u;
    %jmp/0xz  T_11.18, 5;
    %load/vec4 v0x5fcef6a45f80_0;
    %ix/load 4, 1, 0;
    %flag_set/imm 4, 0;
    %shiftr 4;
    %pushi/vec4 32768, 0, 16;
    %or;
    %assign/vec4 v0x5fcef6a45f80_0, 0;
    %jmp T_11.19;
T_11.18 ;
    %load/vec4 v0x5fcef6a45f80_0;
    %ix/load 4, 1, 0;
    %flag_set/imm 4, 0;
    %shiftr 4;
    %assign/vec4 v0x5fcef6a45f80_0, 0;
T_11.19 ;
T_11.16 ;
T_11.8 ;
    %jmp T_11;
    .thread T_11;
    .scope S_0x5fcef69995a0;
T_12 ;
    %wait E_0x5fcef69cff70;
    %load/vec4 v0x5fcef6a45020_0;
    %load/vec4 v0x5fcef6a443a0_0;
    %cmp/e;
    %jmp/0xz  T_12.0, 4;
    %load/vec4 v0x5fcef6a44ec0_0;
    %flag_set/vec4 8;
    %jmp/0xz  T_12.2, 8;
    %load/vec4 v0x5fcef6a44ec0_0;
    %inv;
    %assign/vec4 v0x5fcef6a44ec0_0, 0;
    %jmp T_12.3;
T_12.2 ;
    %load/vec4 v0x5fcef6a44bf0_0;
    %flag_set/vec4 8;
    %jmp/0xz  T_12.4, 8;
    %load/vec4 v0x5fcef6a45ce0_0;
    %pad/u 32;
    %load/vec4 v0x5fcef6a44540_0;
    %pad/u 32;
    %load/vec4 v0x5fcef6a44480_0;
    %pad/u 32;
    %sub;
    %mul;
    %assign/vec4 v0x5fcef6a45eb0_0, 0;
    %load/vec4 v0x5fcef6a45980_0;
    %pad/u 32;
    %load/vec4 v0x5fcef6a44540_0;
    %pad/u 32;
    %load/vec4 v0x5fcef6a44480_0;
    %pad/u 32;
    %sub;
    %mul;
    %assign/vec4 v0x5fcef6a45dc0_0, 0;
    %load/vec4 v0x5fcef6a44bf0_0;
    %inv;
    %assign/vec4 v0x5fcef6a44bf0_0, 0;
    %jmp T_12.5;
T_12.4 ;
    %pushi/vec4 0, 0, 1;
    %assign/vec4 v0x5fcef6a451f0_0, 0;
    %load/vec4 v0x5fcef6a451f0_0;
    %nor/r;
    %load/vec4 v0x5fcef6a45330_0;
    %and;
    %load/vec4 v0x5fcef6a453d0_0;
    %and;
    %load/vec4 v0x5fcef6a462e0_0;
    %pushi/vec4 0, 0, 3;
    %cmp/e;
    %flag_get/vec4 4;
    %and;
    %flag_set/vec4 8;
    %jmp/0xz  T_12.6, 8;
    %load/vec4 v0x5fcef6a44480_0;
    %pad/u 32;
    %load/vec4 v0x5fcef6a46210_0;
    %add;
    %pad/u 16;
    %assign/vec4 v0x5fcef6a45c00_0, 0;
    %load/vec4 v0x5fcef6a44480_0;
    %pad/u 32;
    %load/vec4 v0x5fcef6a46120_0;
    %add;
    %pad/u 16;
    %assign/vec4 v0x5fcef6a458a0_0, 0;
    %pushi/vec4 1, 0, 3;
    %assign/vec4 v0x5fcef6a462e0_0, 0;
T_12.6 ;
    %load/vec4 v0x5fcef6a462e0_0;
    %cmpi/e 1, 0, 3;
    %jmp/0xz  T_12.8, 4;
    %load/vec4 v0x5fcef6a44480_0;
    %pad/u 32;
    %load/vec4 v0x5fcef6a46210_0;
    %add;
    %pad/u 16;
    %assign/vec4 v0x5fcef6a45c00_0, 0;
    %load/vec4 v0x5fcef6a44480_0;
    %pad/u 32;
    %load/vec4 v0x5fcef6a46120_0;
    %add;
    %pad/u 16;
    %assign/vec4 v0x5fcef6a458a0_0, 0;
    %pushi/vec4 3, 0, 3;
    %assign/vec4 v0x5fcef6a462e0_0, 0;
T_12.8 ;
    %load/vec4 v0x5fcef6a462e0_0;
    %cmpi/e 3, 0, 3;
    %jmp/0xz  T_12.10, 4;
    %pushi/vec4 1, 0, 1;
    %assign/vec4 v0x5fcef6a46510_0, 0;
    %pushi/vec4 4, 0, 3;
    %assign/vec4 v0x5fcef6a462e0_0, 0;
T_12.10 ;
    %load/vec4 v0x5fcef6a462e0_0;
    %cmpi/e 4, 0, 3;
    %jmp/0xz  T_12.12, 4;
    %pushi/vec4 0, 0, 1;
    %assign/vec4 v0x5fcef6a46510_0, 0;
T_12.12 ;
T_12.5 ;
T_12.3 ;
T_12.0 ;
    %jmp T_12;
    .thread T_12;
    .scope S_0x5fcef6a46ef0;
T_13 ;
    %wait E_0x5fcef6a47210;
    %load/vec4 v0x5fcef6a47820_0;
    %load/vec4 v0x5fcef6a478e0_0;
    %or;
    %flag_set/vec4 8;
    %jmp/0xz  T_13.0, 8;
    %pushi/vec4 1, 0, 1;
    %assign/vec4 v0x5fcef6a47af0_0, 0;
    %pushi/vec4 0, 0, 4;
    %assign/vec4 v0x5fcef6a47350_0, 0;
    %pushi/vec4 0, 0, 1;
    %assign/vec4 v0x5fcef6a479a0_0, 0;
    %pushi/vec4 0, 0, 1;
    %assign/vec4 v0x5fcef6a47430_0, 0;
    %pushi/vec4 0, 0, 2;
    %assign/vec4 v0x5fcef6a47c70_0, 0;
T_13.0 ;
    %jmp T_13;
    .thread T_13;
    .scope S_0x5fcef6a46ef0;
T_14 ;
    %wait E_0x5fcef6a2b8b0;
    %load/vec4 v0x5fcef6a47c70_0;
    %dup/vec4;
    %pushi/vec4 0, 0, 2;
    %cmp/u;
    %jmp/1 T_14.0, 6;
    %dup/vec4;
    %pushi/vec4 1, 0, 2;
    %cmp/u;
    %jmp/1 T_14.1, 6;
    %dup/vec4;
    %pushi/vec4 2, 0, 2;
    %cmp/u;
    %jmp/1 T_14.2, 6;
    %jmp T_14.3;
T_14.0 ;
    %pushi/vec4 1, 0, 1;
    %assign/vec4 v0x5fcef6a47af0_0, 0;
    %load/vec4 v0x5fcef6a47bb0_0;
    %flag_set/vec4 8;
    %jmp/0xz  T_14.4, 8;
    %pushi/vec4 1, 0, 2;
    %assign/vec4 v0x5fcef6a47c70_0, 0;
T_14.4 ;
    %jmp T_14.3;
T_14.1 ;
    %pushi/vec4 0, 0, 1;
    %assign/vec4 v0x5fcef6a47af0_0, 0;
    %pushi/vec4 2, 0, 2;
    %assign/vec4 v0x5fcef6a47c70_0, 0;
    %pushi/vec4 0, 0, 4;
    %assign/vec4 v0x5fcef6a47350_0, 0;
    %jmp T_14.3;
T_14.2 ;
    %load/vec4 v0x5fcef6a47500_0;
    %load/vec4 v0x5fcef6a47350_0;
    %part/u 1;
    %assign/vec4 v0x5fcef6a47af0_0, 0;
    %load/vec4 v0x5fcef6a47350_0;
    %addi 1, 0, 4;
    %assign/vec4 v0x5fcef6a47350_0, 0;
    %load/vec4 v0x5fcef6a47350_0;
    %cmpi/e 7, 0, 4;
    %jmp/0xz  T_14.6, 4;
    %pushi/vec4 3, 0, 2;
    %assign/vec4 v0x5fcef6a47c70_0, 0;
T_14.6 ;
    %jmp T_14.3;
T_14.3 ;
    %pop/vec4 1;
    %jmp T_14;
    .thread T_14;
    .scope S_0x5fcef6a46ef0;
T_15 ;
    %wait E_0x5fcef69cff70;
    %load/vec4 v0x5fcef6a47c70_0;
    %dup/vec4;
    %pushi/vec4 0, 0, 2;
    %cmp/u;
    %jmp/1 T_15.0, 6;
    %dup/vec4;
    %pushi/vec4 1, 0, 2;
    %cmp/u;
    %jmp/1 T_15.1, 6;
    %dup/vec4;
    %pushi/vec4 2, 0, 2;
    %cmp/u;
    %jmp/1 T_15.2, 6;
    %dup/vec4;
    %pushi/vec4 3, 0, 2;
    %cmp/u;
    %jmp/1 T_15.3, 6;
    %jmp T_15.4;
T_15.0 ;
    %pushi/vec4 0, 0, 1;
    %assign/vec4 v0x5fcef6a479a0_0, 0;
    %load/vec4 v0x5fcef6a47760_0;
    %flag_set/vec4 8;
    %jmp/0xz  T_15.5, 8;
    %pushi/vec4 1, 0, 1;
    %assign/vec4 v0x5fcef6a47430_0, 0;
    %pushi/vec4 1, 0, 1;
    %assign/vec4 v0x5fcef6a47bb0_0, 0;
T_15.5 ;
    %jmp T_15.4;
T_15.1 ;
    %pushi/vec4 0, 0, 1;
    %assign/vec4 v0x5fcef6a47bb0_0, 0;
    %pushi/vec4 0, 0, 1;
    %assign/vec4 v0x5fcef6a47af0_0, 0;
    %jmp T_15.4;
T_15.2 ;
    %load/vec4 v0x5fcef6a47500_0;
    %load/vec4 v0x5fcef6a47350_0;
    %part/u 1;
    %assign/vec4 v0x5fcef6a47af0_0, 0;
    %jmp T_15.4;
T_15.3 ;
    %pushi/vec4 1, 0, 1;
    %assign/vec4 v0x5fcef6a479a0_0, 0;
    %pushi/vec4 0, 0, 2;
    %assign/vec4 v0x5fcef6a47c70_0, 0;
    %pushi/vec4 1, 0, 1;
    %assign/vec4 v0x5fcef6a47af0_0, 0;
    %pushi/vec4 0, 0, 1;
    %assign/vec4 v0x5fcef6a47bb0_0, 0;
    %pushi/vec4 0, 0, 1;
    %assign/vec4 v0x5fcef6a47430_0, 0;
    %jmp T_15.4;
T_15.4 ;
    %pop/vec4 1;
    %jmp T_15;
    .thread T_15;
    .scope S_0x5fcef6a46b50;
T_16 ;
    %wait E_0x5fcef69cff70;
    %load/vec4 v0x5fcef6a48230_0;
    %pad/u 32;
    %cmpi/u 434, 0, 32;
    %jmp/0xz  T_16.0, 5;
    %load/vec4 v0x5fcef6a48230_0;
    %addi 1, 0, 9;
    %assign/vec4 v0x5fcef6a48230_0, 0;
T_16.0 ;
    %load/vec4 v0x5fcef6a48230_0;
    %pad/u 32;
    %cmpi/e 434, 0, 32;
    %jmp/0xz  T_16.2, 4;
    %load/vec4 v0x5fcef6a48090_0;
    %inv;
    %assign/vec4 v0x5fcef6a48090_0, 0;
    %pushi/vec4 0, 0, 9;
    %assign/vec4 v0x5fcef6a48230_0, 0;
T_16.2 ;
    %jmp T_16;
    .thread T_16;
    .scope S_0x5fcef6a46b50;
T_17 ;
    %wait E_0x5fcef69cff70;
    %load/vec4 v0x5fcef6a48e10_0;
    %load/vec4 v0x5fcef6a486d0_0;
    %or;
    %flag_set/vec4 8;
    %jmp/0xz  T_17.0, 8;
    %pushi/vec4 7, 0, 3;
    %assign/vec4 v0x5fcef6a49290_0, 0;
    %pushi/vec4 1, 0, 1;
    %assign/vec4 v0x5fcef6a47ef0_0, 0;
    %pushi/vec4 0, 0, 1;
    %assign/vec4 v0x5fcef6a486d0_0, 0;
    %pushi/vec4 0, 0, 1;
    %assign/vec4 v0x5fcef6a48090_0, 0;
    %pushi/vec4 0, 0, 9;
    %assign/vec4 v0x5fcef6a48230_0, 0;
    %jmp T_17.1;
T_17.0 ;
    %load/vec4 v0x5fcef6a48eb0_0;
    %flag_set/vec4 8;
    %jmp/0xz  T_17.2, 8;
    %load/vec4 v0x5fcef6a48af0_0;
    %assign/vec4 v0x5fcef6a48be0_0, 0;
    %load/vec4 v0x5fcef6a48940_0;
    %assign/vec4 v0x5fcef6a48a30_0, 0;
    %load/vec4 v0x5fcef6a48790_0;
    %assign/vec4 v0x5fcef6a48880_0, 0;
    %load/vec4 v0x5fcef6a48af0_0;
    %parti/s 8, 0, 2;
    %assign/vec4 v0x5fcef6a48440_0, 0;
    %pushi/vec4 1, 0, 1;
    %assign/vec4 v0x5fcef6a47ef0_0, 0;
    %pushi/vec4 1, 0, 1;
    %assign/vec4 v0x5fcef6a48610_0, 0;
    %pushi/vec4 0, 0, 1;
    %assign/vec4 v0x5fcef6a48090_0, 0;
    %pushi/vec4 0, 0, 9;
    %assign/vec4 v0x5fcef6a48230_0, 0;
    %jmp T_17.3;
T_17.2 ;
    %load/vec4 v0x5fcef6a48610_0;
    %flag_set/vec4 8;
    %jmp/0xz  T_17.4, 8;
    %pushi/vec4 0, 0, 3;
    %assign/vec4 v0x5fcef6a49290_0, 0;
    %pushi/vec4 0, 0, 1;
    %assign/vec4 v0x5fcef6a48610_0, 0;
    %pushi/vec4 0, 0, 1;
    %assign/vec4 v0x5fcef6a47ef0_0, 0;
T_17.4 ;
    %load/vec4 v0x5fcef6a49290_0;
    %cmpi/e 0, 0, 3;
    %jmp/0xz  T_17.6, 4;
    %load/vec4 v0x5fcef6a482d0_0;
    %nor/r;
    %load/vec4 v0x5fcef6a48f50_0;
    %nor/r;
    %and;
    %flag_set/vec4 8;
    %jmp/0xz  T_17.8, 8;
    %pushi/vec4 1, 0, 1;
    %assign/vec4 v0x5fcef6a48ca0_0, 0;
    %pushi/vec4 0, 0, 1;
    %assign/vec4 v0x5fcef6a48d70_0, 0;
    %jmp T_17.9;
T_17.8 ;
    %load/vec4 v0x5fcef6a482d0_0;
    %flag_set/vec4 8;
    %jmp/0xz  T_17.10, 8;
    %pushi/vec4 1, 0, 1;
    %assign/vec4 v0x5fcef6a48d70_0, 0;
    %load/vec4 v0x5fcef6a48d70_0;
    %pad/u 32;
    %cmpi/e 0, 0, 32;
    %jmp/0xz  T_17.12, 4;
    %pushi/vec4 0, 0, 1;
    %assign/vec4 v0x5fcef6a48ca0_0, 0;
T_17.12 ;
T_17.10 ;
T_17.9 ;
    %load/vec4 v0x5fcef6a48f50_0;
    %flag_set/vec4 8;
    %jmp/0xz  T_17.14, 8;
    %pushi/vec4 1, 0, 3;
    %assign/vec4 v0x5fcef6a49290_0, 0;
    %pushi/vec4 1, 0, 1;
    %assign/vec4 v0x5fcef6a47ef0_0, 0;
    %load/vec4 v0x5fcef6a48be0_0;
    %parti/s 8, 8, 5;
    %assign/vec4 v0x5fcef6a48440_0, 0;
T_17.14 ;
T_17.6 ;
    %load/vec4 v0x5fcef6a49290_0;
    %cmpi/e 1, 0, 3;
    %jmp/0xz  T_17.16, 4;
    %load/vec4 v0x5fcef6a47ef0_0;
    %flag_set/vec4 8;
    %jmp/0xz  T_17.18, 8;
    %pushi/vec4 0, 0, 1;
    %assign/vec4 v0x5fcef6a47ef0_0, 0;
    %jmp T_17.19;
T_17.18 ;
    %load/vec4 v0x5fcef6a482d0_0;
    %nor/r;
    %load/vec4 v0x5fcef6a48f50_0;
    %nor/r;
    %and;
    %flag_set/vec4 8;
    %jmp/0xz  T_17.20, 8;
    %pushi/vec4 1, 0, 1;
    %assign/vec4 v0x5fcef6a48ca0_0, 0;
    %jmp T_17.21;
T_17.20 ;
    %load/vec4 v0x5fcef6a482d0_0;
    %flag_set/vec4 8;
    %jmp/0xz  T_17.22, 8;
    %pushi/vec4 0, 0, 1;
    %assign/vec4 v0x5fcef6a48ca0_0, 0;
T_17.22 ;
T_17.21 ;
    %load/vec4 v0x5fcef6a48f50_0;
    %flag_set/vec4 8;
    %jmp/0xz  T_17.24, 8;
    %pushi/vec4 2, 0, 3;
    %assign/vec4 v0x5fcef6a49290_0, 0;
    %pushi/vec4 1, 0, 1;
    %assign/vec4 v0x5fcef6a47ef0_0, 0;
    %load/vec4 v0x5fcef6a48a30_0;
    %parti/s 8, 0, 2;
    %assign/vec4 v0x5fcef6a48440_0, 0;
T_17.24 ;
T_17.19 ;
T_17.16 ;
    %load/vec4 v0x5fcef6a49290_0;
    %cmpi/e 2, 0, 3;
    %jmp/0xz  T_17.26, 4;
    %load/vec4 v0x5fcef6a47ef0_0;
    %flag_set/vec4 8;
    %jmp/0xz  T_17.28, 8;
    %pushi/vec4 0, 0, 1;
    %assign/vec4 v0x5fcef6a47ef0_0, 0;
    %jmp T_17.29;
T_17.28 ;
    %load/vec4 v0x5fcef6a482d0_0;
    %nor/r;
    %load/vec4 v0x5fcef6a48f50_0;
    %nor/r;
    %and;
    %flag_set/vec4 8;
    %jmp/0xz  T_17.30, 8;
    %pushi/vec4 1, 0, 1;
    %assign/vec4 v0x5fcef6a48ca0_0, 0;
    %jmp T_17.31;
T_17.30 ;
    %load/vec4 v0x5fcef6a482d0_0;
    %flag_set/vec4 8;
    %jmp/0xz  T_17.32, 8;
    %pushi/vec4 0, 0, 1;
    %assign/vec4 v0x5fcef6a48ca0_0, 0;
T_17.32 ;
T_17.31 ;
    %load/vec4 v0x5fcef6a48f50_0;
    %flag_set/vec4 8;
    %jmp/0xz  T_17.34, 8;
    %pushi/vec4 3, 0, 3;
    %assign/vec4 v0x5fcef6a49290_0, 0;
    %pushi/vec4 1, 0, 1;
    %assign/vec4 v0x5fcef6a47ef0_0, 0;
    %load/vec4 v0x5fcef6a48a30_0;
    %parti/s 8, 8, 5;
    %assign/vec4 v0x5fcef6a48440_0, 0;
T_17.34 ;
T_17.29 ;
T_17.26 ;
    %load/vec4 v0x5fcef6a49290_0;
    %cmpi/e 3, 0, 3;
    %jmp/0xz  T_17.36, 4;
    %load/vec4 v0x5fcef6a47ef0_0;
    %flag_set/vec4 8;
    %jmp/0xz  T_17.38, 8;
    %pushi/vec4 0, 0, 1;
    %assign/vec4 v0x5fcef6a47ef0_0, 0;
    %jmp T_17.39;
T_17.38 ;
    %load/vec4 v0x5fcef6a482d0_0;
    %nor/r;
    %load/vec4 v0x5fcef6a48f50_0;
    %nor/r;
    %and;
    %flag_set/vec4 8;
    %jmp/0xz  T_17.40, 8;
    %pushi/vec4 1, 0, 1;
    %assign/vec4 v0x5fcef6a48ca0_0, 0;
    %jmp T_17.41;
T_17.40 ;
    %load/vec4 v0x5fcef6a482d0_0;
    %flag_set/vec4 8;
    %jmp/0xz  T_17.42, 8;
    %pushi/vec4 0, 0, 1;
    %assign/vec4 v0x5fcef6a48ca0_0, 0;
T_17.42 ;
T_17.41 ;
    %load/vec4 v0x5fcef6a48f50_0;
    %flag_set/vec4 8;
    %jmp/0xz  T_17.44, 8;
    %pushi/vec4 4, 0, 3;
    %assign/vec4 v0x5fcef6a49290_0, 0;
    %pushi/vec4 1, 0, 1;
    %assign/vec4 v0x5fcef6a47ef0_0, 0;
    %load/vec4 v0x5fcef6a48880_0;
    %parti/s 8, 0, 2;
    %assign/vec4 v0x5fcef6a48440_0, 0;
T_17.44 ;
T_17.39 ;
T_17.36 ;
    %load/vec4 v0x5fcef6a49290_0;
    %cmpi/e 4, 0, 3;
    %jmp/0xz  T_17.46, 4;
    %load/vec4 v0x5fcef6a47ef0_0;
    %flag_set/vec4 8;
    %jmp/0xz  T_17.48, 8;
    %pushi/vec4 0, 0, 1;
    %assign/vec4 v0x5fcef6a47ef0_0, 0;
    %jmp T_17.49;
T_17.48 ;
    %load/vec4 v0x5fcef6a482d0_0;
    %nor/r;
    %load/vec4 v0x5fcef6a48f50_0;
    %nor/r;
    %and;
    %flag_set/vec4 8;
    %jmp/0xz  T_17.50, 8;
    %pushi/vec4 1, 0, 1;
    %assign/vec4 v0x5fcef6a48ca0_0, 0;
    %jmp T_17.51;
T_17.50 ;
    %load/vec4 v0x5fcef6a482d0_0;
    %flag_set/vec4 8;
    %jmp/0xz  T_17.52, 8;
    %pushi/vec4 0, 0, 1;
    %assign/vec4 v0x5fcef6a48ca0_0, 0;
T_17.52 ;
T_17.51 ;
    %load/vec4 v0x5fcef6a48f50_0;
    %flag_set/vec4 8;
    %jmp/0xz  T_17.54, 8;
    %pushi/vec4 5, 0, 3;
    %assign/vec4 v0x5fcef6a49290_0, 0;
    %pushi/vec4 1, 0, 1;
    %assign/vec4 v0x5fcef6a47ef0_0, 0;
    %load/vec4 v0x5fcef6a48880_0;
    %parti/s 8, 8, 5;
    %assign/vec4 v0x5fcef6a48440_0, 0;
T_17.54 ;
T_17.49 ;
T_17.46 ;
    %load/vec4 v0x5fcef6a49290_0;
    %cmpi/e 5, 0, 3;
    %jmp/0xz  T_17.56, 4;
    %pushi/vec4 1, 0, 1;
    %assign/vec4 v0x5fcef6a486d0_0, 0;
T_17.56 ;
T_17.3 ;
T_17.1 ;
    %jmp T_17;
    .thread T_17;
    .scope S_0x5fcef699aaa0;
T_18 ;
    %pushi/vec4 0, 0, 1;
    %store/vec4 v0x5fcef6a4a1b0_0, 0, 1;
    %pushi/vec4 1, 0, 1;
    %store/vec4 v0x5fcef6a4a380_0, 0, 1;
    %delay 50000, 0;
    %pushi/vec4 0, 0, 1;
    %store/vec4 v0x5fcef6a4a380_0, 0, 1;
T_18.0 ;
    %delay 5000, 0;
    %load/vec4 v0x5fcef6a4a1b0_0;
    %inv;
    %store/vec4 v0x5fcef6a4a1b0_0, 0, 1;
    %jmp T_18.0;
    %end;
    .thread T_18;
    .scope S_0x5fcef699aaa0;
T_19 ;
    %pushi/vec4 1, 0, 1;
    %store/vec4 v0x5fcef6a4a270_0, 0, 1;
    %delay 100000000, 0;
    %pushi/vec4 85, 0, 8;
    %store/vec4 v0x5fcef6a49ff0_0, 0, 8;
    %fork TD_tb_topModule.uart_send_byte, S_0x5fcef6a49df0;
    %join;
    %pushi/vec4 170, 0, 8;
    %store/vec4 v0x5fcef6a49ff0_0, 0, 8;
    %fork TD_tb_topModule.uart_send_byte, S_0x5fcef6a49df0;
    %join;
    %pushi/vec4 64, 0, 8;
    %store/vec4 v0x5fcef6a49ff0_0, 0, 8;
    %fork TD_tb_topModule.uart_send_byte, S_0x5fcef6a49df0;
    %join;
    %pushi/vec4 240, 0, 8;
    %store/vec4 v0x5fcef6a49ff0_0, 0, 8;
    %fork TD_tb_topModule.uart_send_byte, S_0x5fcef6a49df0;
    %join;
    %pushi/vec4 170, 0, 8;
    %store/vec4 v0x5fcef6a49ff0_0, 0, 8;
    %fork TD_tb_topModule.uart_send_byte, S_0x5fcef6a49df0;
    %join;
    %pushi/vec4 144, 0, 8;
    %store/vec4 v0x5fcef6a49ff0_0, 0, 8;
    %fork TD_tb_topModule.uart_send_byte, S_0x5fcef6a49df0;
    %join;
    %pushi/vec4 21, 0, 8;
    %store/vec4 v0x5fcef6a49ff0_0, 0, 8;
    %fork TD_tb_topModule.uart_send_byte, S_0x5fcef6a49df0;
    %join;
    %pushi/vec4 68, 0, 8;
    %store/vec4 v0x5fcef6a49ff0_0, 0, 8;
    %fork TD_tb_topModule.uart_send_byte, S_0x5fcef6a49df0;
    %join;
    %pushi/vec4 4, 0, 8;
    %store/vec4 v0x5fcef6a49ff0_0, 0, 8;
    %fork TD_tb_topModule.uart_send_byte, S_0x5fcef6a49df0;
    %join;
    %pushi/vec4 68, 0, 8;
    %store/vec4 v0x5fcef6a49ff0_0, 0, 8;
    %fork TD_tb_topModule.uart_send_byte, S_0x5fcef6a49df0;
    %join;
    %pushi/vec4 4, 0, 8;
    %store/vec4 v0x5fcef6a49ff0_0, 0, 8;
    %fork TD_tb_topModule.uart_send_byte, S_0x5fcef6a49df0;
    %join;
    %pushi/vec4 68, 0, 8;
    %store/vec4 v0x5fcef6a49ff0_0, 0, 8;
    %fork TD_tb_topModule.uart_send_byte, S_0x5fcef6a49df0;
    %join;
    %pushi/vec4 4, 0, 8;
    %store/vec4 v0x5fcef6a49ff0_0, 0, 8;
    %fork TD_tb_topModule.uart_send_byte, S_0x5fcef6a49df0;
    %join;
    %pushi/vec4 68, 0, 8;
    %store/vec4 v0x5fcef6a49ff0_0, 0, 8;
    %fork TD_tb_topModule.uart_send_byte, S_0x5fcef6a49df0;
    %join;
    %pushi/vec4 4, 0, 8;
    %store/vec4 v0x5fcef6a49ff0_0, 0, 8;
    %fork TD_tb_topModule.uart_send_byte, S_0x5fcef6a49df0;
    %join;
    %pushi/vec4 68, 0, 8;
    %store/vec4 v0x5fcef6a49ff0_0, 0, 8;
    %fork TD_tb_topModule.uart_send_byte, S_0x5fcef6a49df0;
    %join;
    %pushi/vec4 4, 0, 8;
    %store/vec4 v0x5fcef6a49ff0_0, 0, 8;
    %fork TD_tb_topModule.uart_send_byte, S_0x5fcef6a49df0;
    %join;
    %delay 2000000000, 0;
    %vpi_call 2 133 "$finish" {0 0 0};
    %end;
    .thread T_19;
    .scope S_0x5fcef699aaa0;
T_20 ;
    %vpi_call 2 138 "$dumpfile", "tb_topModule.vcd" {0 0 0};
    %vpi_call 2 139 "$dumpvars", 32'sb00000000000000000000000000000000, S_0x5fcef699aaa0 {0 0 0};
    %end;
    .thread T_20;
# The file index is used to find the file name in the following table.
:file_names 4;
    "N/A";
    "<interactive>";
    "tb_topModule.v";
    "topModule.v";
